# JRE version: Java(TM) SE Runtime Environment (9.0+11) (build 9.0.4+11)
# Java VM: Java HotSpot(TM) 64-Bit Server VM (9.0.4+11, mixed mode, tiered, compressed oops, g1 gc, windows-amd64)
Heap:
 garbage-first heap   total 155648K, used 104851K [0x0000000700000000, 0x00000007001004c0, 0x00000007c0000000)
  region size 1024K, 40 young (40960K), 2 survivors (2048K)
 Metaspace       used 81326K, capacity 87019K, committed 87216K, reserved 1124352K
  class space    used 11215K, capacity 12198K, committed 12208K, reserved 1048576K
GC Heap History (10 events):
Event: 411.469 GC heap before
{Heap before GC invocations=66 (full 5):
 garbage-first heap   total 155648K, used 126867K [0x0000000700000000, 0x00000007001004c0, 0x00000007c0000000)
  region size 1024K, 60 young (61440K), 1 survivors (1024K)
 Metaspace       used 81204K, capacity 86891K, committed 86960K, reserved 1124352K
  class space    used 11207K, capacity 12198K, committed 12208K, reserved 1048576K
}
Event: 411.482 GC heap after
{Heap after GC invocations=67 (full 5):
 garbage-first heap   total 155648K, used 67097K [0x0000000700000000, 0x00000007001004c0, 0x00000007c0000000)
  region size 1024K, 2 young (2048K), 2 survivors (2048K)
 Metaspace       used 81204K, capacity 86891K, committed 86960K, reserved 1124352K
  class space    used 11207K, capacity 12198K, committed 12208K, reserved 1048576K
}
Event: 415.291 GC heap before
{Heap before GC invocations=67 (full 5):
 garbage-first heap   total 155648K, used 126489K [0x0000000700000000, 0x00000007001004c0, 0x00000007c0000000)
  region size 1024K, 60 young (61440K), 2 survivors (2048K)
 Metaspace       used 81222K, capacity 86891K, committed 86960K, reserved 1124352K
  class space    used 11207K, capacity 12198K, committed 12208K, reserved 1048576K
}
Event: 415.297 GC heap after
{Heap after GC invocations=68 (full 5):
 garbage-first heap   total 155648K, used 67030K [0x0000000700000000, 0x00000007001004c0, 0x00000007c0000000)
  region size 1024K, 2 young (2048K), 2 survivors (2048K)
 Metaspace       used 81222K, capacity 86891K, committed 86960K, reserved 1124352K
  class space    used 11207K, capacity 12198K, committed 12208K, reserved 1048576K
}
Event: 416.470 GC heap before
{Heap before GC invocations=68 (full 5):
 garbage-first heap   total 155648K, used 126422K [0x0000000700000000, 0x00000007001004c0, 0x00000007c0000000)
  region size 1024K, 60 young (61440K), 2 survivors (2048K)
 Metaspace       used 81245K, capacity 86891K, committed 86960K, reserved 1124352K
  class space    used 11207K, capacity 12198K, committed 12208K, reserved 1048576K
}
Event: 416.476 GC heap after
{Heap after GC invocations=69 (full 5):
 garbage-first heap   total 155648K, used 66848K [0x0000000700000000, 0x00000007001004c0, 0x00000007c0000000)
  region size 1024K, 2 young (2048K), 2 survivors (2048K)
 Metaspace       used 81245K, capacity 86891K, committed 86960K, reserved 1124352K
  class space    used 11207K, capacity 12198K, committed 12208K, reserved 1048576K
}
Event: 418.443 GC heap before
{Heap before GC invocations=69 (full 5):
 garbage-first heap   total 155648K, used 126240K [0x0000000700000000, 0x00000007001004c0, 0x00000007c0000000)
  region size 1024K, 60 young (61440K), 2 survivors (2048K)
 Metaspace       used 81250K, capacity 86891K, committed 86960K, reserved 1124352K
  class space    used 11207K, capacity 12198K, committed 12208K, reserved 1048576K
}
Event: 418.450 GC heap after
{Heap after GC invocations=70 (full 5):
 garbage-first heap   total 155648K, used 66765K [0x0000000700000000, 0x00000007001004c0, 0x00000007c0000000)
  region size 1024K, 2 young (2048K), 2 survivors (2048K)
 Metaspace       used 81250K, capacity 86891K, committed 86960K, reserved 1124352K
  class space    used 11207K, capacity 12198K, committed 12208K, reserved 1048576K
}
Event: 424.604 GC heap before
{Heap before GC invocations=70 (full 5):
 garbage-first heap   total 155648K, used 126157K [0x0000000700000000, 0x00000007001004c0, 0x00000007c0000000)
  region size 1024K, 60 young (61440K), 2 survivors (2048K)
 Metaspace       used 81304K, capacity 87019K, committed 87216K, reserved 1124352K
  class space    used 11215K, capacity 12198K, committed 12208K, reserved 1048576K
}
Event: 424.611 GC heap after
{Heap after GC invocations=71 (full 5):
 garbage-first heap   total 155648K, used 66963K [0x0000000700000000, 0x00000007001004c0, 0x00000007c0000000)
  region size 1024K, 2 young (2048K), 2 survivors (2048K)
 Metaspace       used 81304K, capacity 87019K, committed 87216K, reserved 1124352K
  class space    used 11215K, capacity 12198K, committed 12208K, reserved 1048576K
}

