# JRE version: Java(TM) SE Runtime Environment (9.0+11) (build 9.0.4+11)
# Java VM: Java HotSpot(TM) 64-Bit Server VM (9.0.4+11, mixed mode, tiered, compressed oops, g1 gc, windows-amd64)
Heap:
 garbage-first heap   total 190464K, used 93713K [0x0000000700000000, 0x00000007001005d0, 0x00000007c0000000)
  region size 1024K, 22 young (22528K), 1 survivors (1024K)
 Metaspace       used 86915K, capacity 93211K, committed 93468K, reserved 1130496K
  class space    used 11708K, capacity 12798K, committed 12828K, reserved 1048576K
GC Heap History (10 events):
Event: 2432.023 GC heap before
{Heap before GC invocations=379 (full 117):
 garbage-first heap   total 190464K, used 133519K [0x0000000700000000, 0x00000007001005d0, 0x00000007c0000000)
  region size 1024K, 60 young (61440K), 1 survivors (1024K)
 Metaspace       used 86855K, capacity 93083K, committed 93212K, reserved 1130496K
  class space    used 11708K, capacity 12798K, committed 12828K, reserved 1048576K
}
Event: 2432.026 GC heap after
{Heap after GC invocations=380 (full 117):
 garbage-first heap   total 190464K, used 73701K [0x0000000700000000, 0x00000007001005d0, 0x00000007c0000000)
  region size 1024K, 2 young (2048K), 2 survivors (2048K)
 Metaspace       used 86855K, capacity 93083K, committed 93212K, reserved 1130496K
  class space    used 11708K, capacity 12798K, committed 12828K, reserved 1048576K
}
Event: 2447.704 GC heap before
{Heap before GC invocations=380 (full 117):
 garbage-first heap   total 190464K, used 133093K [0x0000000700000000, 0x00000007001005d0, 0x00000007c0000000)
  region size 1024K, 60 young (61440K), 2 survivors (2048K)
 Metaspace       used 86881K, capacity 93147K, committed 93212K, reserved 1130496K
  class space    used 11708K, capacity 12798K, committed 12828K, reserved 1048576K
}
Event: 2447.709 GC heap after
{Heap after GC invocations=381 (full 117):
 garbage-first heap   total 190464K, used 73085K [0x0000000700000000, 0x00000007001005d0, 0x00000007c0000000)
  region size 1024K, 1 young (1024K), 1 survivors (1024K)
 Metaspace       used 86881K, capacity 93147K, committed 93212K, reserved 1130496K
  class space    used 11708K, capacity 12798K, committed 12828K, reserved 1048576K
}
Event: 2455.166 GC heap before
{Heap before GC invocations=381 (full 117):
 garbage-first heap   total 190464K, used 133501K [0x0000000700000000, 0x00000007001005d0, 0x00000007c0000000)
  region size 1024K, 60 young (61440K), 1 survivors (1024K)
 Metaspace       used 86892K, capacity 93211K, committed 93468K, reserved 1130496K
  class space    used 11708K, capacity 12798K, committed 12828K, reserved 1048576K
}
Event: 2455.170 GC heap after
{Heap after GC invocations=382 (full 117):
 garbage-first heap   total 190464K, used 72965K [0x0000000700000000, 0x00000007001005d0, 0x00000007c0000000)
  region size 1024K, 1 young (1024K), 1 survivors (1024K)
 Metaspace       used 86892K, capacity 93211K, committed 93468K, reserved 1130496K
  class space    used 11708K, capacity 12798K, committed 12828K, reserved 1048576K
}
Event: 2455.635 GC heap before
{Heap before GC invocations=382 (full 117):
 garbage-first heap   total 190464K, used 133381K [0x0000000700000000, 0x00000007001005d0, 0x00000007c0000000)
  region size 1024K, 60 young (61440K), 1 survivors (1024K)
 Metaspace       used 86892K, capacity 93211K, committed 93468K, reserved 1130496K
  class space    used 11708K, capacity 12798K, committed 12828K, reserved 1048576K
}
Event: 2455.637 GC heap after
{Heap after GC invocations=383 (full 117):
 garbage-first heap   total 190464K, used 73033K [0x0000000700000000, 0x00000007001005d0, 0x00000007c0000000)
  region size 1024K, 1 young (1024K), 1 survivors (1024K)
 Metaspace       used 86892K, capacity 93211K, committed 93468K, reserved 1130496K
  class space    used 11708K, capacity 12798K, committed 12828K, reserved 1048576K
}
Event: 2461.867 GC heap before
{Heap before GC invocations=383 (full 117):
 garbage-first heap   total 190464K, used 133449K [0x0000000700000000, 0x00000007001005d0, 0x00000007c0000000)
  region size 1024K, 60 young (61440K), 1 survivors (1024K)
 Metaspace       used 86898K, capacity 93211K, committed 93468K, reserved 1130496K
  class space    used 11708K, capacity 12798K, committed 12828K, reserved 1048576K
}
Event: 2461.871 GC heap after
{Heap after GC invocations=384 (full 117):
 garbage-first heap   total 190464K, used 73233K [0x0000000700000000, 0x00000007001005d0, 0x00000007c0000000)
  region size 1024K, 1 young (1024K), 1 survivors (1024K)
 Metaspace       used 86898K, capacity 93211K, committed 93468K, reserved 1130496K
  class space    used 11708K, capacity 12798K, committed 12828K, reserved 1048576K
}

