# JRE version: Java(TM) SE Runtime Environment (9.0+11) (build 9.0.4+11)
# Java VM: Java HotSpot(TM) 64-Bit Server VM (9.0.4+11, mixed mode, tiered, compressed oops, g1 gc, windows-amd64)
Heap:
 garbage-first heap   total 146432K, used 79490K [0x0000000700000000, 0x0000000700100478, 0x00000007c0000000)
  region size 1024K, 2 young (2048K), 1 survivors (1024K)
 Metaspace       used 88848K, capacity 90975K, committed 98716K, reserved 1134592K
  class space    used 11357K, capacity 11808K, committed 13468K, reserved 1048576K
GC Heap History (10 events):
Event: 49234.492 GC heap before
{Heap before GC invocations=2700 (full 740):
 garbage-first heap   total 146432K, used 139799K [0x0000000700000000, 0x0000000700100478, 0x00000007c0000000)
  region size 1024K, 60 young (61440K), 1 survivors (1024K)
 Metaspace       used 88847K, capacity 90975K, committed 98716K, reserved 1134592K
  class space    used 11357K, capacity 11808K, committed 13468K, reserved 1048576K
}
Event: 49234.495 GC heap after
{Heap after GC invocations=2701 (full 740):
 garbage-first heap   total 146432K, used 79900K [0x0000000700000000, 0x0000000700100478, 0x00000007c0000000)
  region size 1024K, 2 young (2048K), 2 survivors (2048K)
 Metaspace       used 88847K, capacity 90975K, committed 98716K, reserved 1134592K
  class space    used 11357K, capacity 11808K, committed 13468K, reserved 1048576K
}
Event: 49234.721 GC heap before
{Heap before GC invocations=2701 (full 740):
 garbage-first heap   total 146432K, used 139292K [0x0000000700000000, 0x0000000700100478, 0x00000007c0000000)
  region size 1024K, 60 young (61440K), 2 survivors (2048K)
 Metaspace       used 88847K, capacity 90975K, committed 98716K, reserved 1134592K
  class space    used 11357K, capacity 11808K, committed 13468K, reserved 1048576K
}
Event: 49234.724 GC heap after
{Heap after GC invocations=2702 (full 740):
 garbage-first heap   total 146432K, used 79531K [0x0000000700000000, 0x0000000700100478, 0x00000007c0000000)
  region size 1024K, 1 young (1024K), 1 survivors (1024K)
 Metaspace       used 88847K, capacity 90975K, committed 98716K, reserved 1134592K
  class space    used 11357K, capacity 11808K, committed 13468K, reserved 1048576K
}
Event: 49235.069 GC heap before
{Heap before GC invocations=2703 (full 740):
 garbage-first heap   total 146432K, used 139947K [0x0000000700000000, 0x0000000700100478, 0x00000007c0000000)
  region size 1024K, 60 young (61440K), 1 survivors (1024K)
 Metaspace       used 88847K, capacity 90975K, committed 98716K, reserved 1134592K
  class space    used 11357K, capacity 11808K, committed 13468K, reserved 1048576K
}
Event: 49235.072 GC heap after
{Heap after GC invocations=2704 (full 740):
 garbage-first heap   total 146432K, used 79540K [0x0000000700000000, 0x0000000700100478, 0x00000007c0000000)
  region size 1024K, 1 young (1024K), 1 survivors (1024K)
 Metaspace       used 88847K, capacity 90975K, committed 98716K, reserved 1134592K
  class space    used 11357K, capacity 11808K, committed 13468K, reserved 1048576K
}
Event: 49238.359 GC heap before
{Heap before GC invocations=2704 (full 740):
 garbage-first heap   total 146432K, used 139956K [0x0000000700000000, 0x0000000700100478, 0x00000007c0000000)
  region size 1024K, 60 young (61440K), 1 survivors (1024K)
 Metaspace       used 88848K, capacity 90975K, committed 98716K, reserved 1134592K
  class space    used 11357K, capacity 11808K, committed 13468K, reserved 1048576K
}
Event: 49238.363 GC heap after
{Heap after GC invocations=2705 (full 740):
 garbage-first heap   total 146432K, used 79749K [0x0000000700000000, 0x0000000700100478, 0x00000007c0000000)
  region size 1024K, 2 young (2048K), 2 survivors (2048K)
 Metaspace       used 88848K, capacity 90975K, committed 98716K, reserved 1134592K
  class space    used 11357K, capacity 11808K, committed 13468K, reserved 1048576K
}
Event: 49242.749 GC heap before
{Heap before GC invocations=2706 (full 740):
 garbage-first heap   total 146432K, used 139141K [0x0000000700000000, 0x0000000700100478, 0x00000007c0000000)
  region size 1024K, 60 young (61440K), 2 survivors (2048K)
 Metaspace       used 88848K, capacity 90975K, committed 98716K, reserved 1134592K
  class space    used 11357K, capacity 11808K, committed 13468K, reserved 1048576K
}
Event: 49242.753 GC heap after
{Heap after GC invocations=2707 (full 740):
 garbage-first heap   total 146432K, used 79490K [0x0000000700000000, 0x0000000700100478, 0x00000007c0000000)
  region size 1024K, 1 young (1024K), 1 survivors (1024K)
 Metaspace       used 88848K, capacity 90975K, committed 98716K, reserved 1134592K
  class space    used 11357K, capacity 11808K, committed 13468K, reserved 1048576K
}

